2026-06-11 18:15:49,484 - INFO - Process ID: 20770b90594d
2026-06-11 18:15:49,484 - INFO - Base directory: C:\Users\G300\Downloads\proyecto\Proyecto ETL
2026-06-11 18:16:13,020 - INFO - Spark version: 4.1.2
2026-06-11 18:16:13,020 - INFO - Spark UI: http://localhost:4040
2026-06-11 18:16:19,653 - INFO - Directory structure verified
2026-06-11 18:17:24,655 - INFO - Downloading https://d37ci6vzurychx.cloudfront.net/trip-data/yellow_tripdata_2024-01.parquet...
2026-06-11 18:17:26,283 - INFO - Downloaded yellow_tripdata_2024-01.parquet (47.65 MB)
2026-06-11 18:17:28,657 - INFO - Read yellow_tripdata_2024-01.parquet: 2964624 records, 19 columns
2026-06-11 18:17:28,658 - INFO - Downloading https://d37ci6vzurychx.cloudfront.net/trip-data/yellow_tripdata_2024-02.parquet...
2026-06-11 18:17:31,111 - INFO - Downloaded yellow_tripdata_2024-02.parquet (48.02 MB)
2026-06-11 18:17:31,307 - INFO - Read yellow_tripdata_2024-02.parquet: 3007526 records, 19 columns
2026-06-11 18:17:31,308 - INFO - Downloading https://d37ci6vzurychx.cloudfront.net/trip-data/yellow_tripdata_2024-03.parquet...
2026-06-11 18:17:33,704 - INFO - Downloaded yellow_tripdata_2024-03.parquet (57.3 MB)
2026-06-11 18:17:33,916 - INFO - Read yellow_tripdata_2024-03.parquet: 3582628 records, 19 columns
2026-06-11 18:17:33,918 - INFO - Downloading https://d37ci6vzurychx.cloudfront.net/trip-data/yellow_tripdata_2024-04.parquet...
2026-06-11 18:17:36,256 - INFO - Downloaded yellow_tripdata_2024-04.parquet (56.39 MB)
2026-06-11 18:17:36,454 - INFO - Read yellow_tripdata_2024-04.parquet: 3514289 records, 19 columns
2026-06-11 18:17:36,456 - INFO - Downloading https://d37ci6vzurychx.cloudfront.net/trip-data/yellow_tripdata_2024-05.parquet...
2026-06-11 18:17:39,181 - INFO - Downloaded yellow_tripdata_2024-05.parquet (59.66 MB)
2026-06-11 18:17:39,334 - INFO - Read yellow_tripdata_2024-05.parquet: 3723833 records, 19 columns
2026-06-11 18:17:39,336 - INFO - Downloading https://d37ci6vzurychx.cloudfront.net/trip-data/yellow_tripdata_2024-06.parquet...
2026-06-11 18:17:42,046 - INFO - Downloaded yellow_tripdata_2024-06.parquet (57.09 MB)
2026-06-11 18:17:42,197 - INFO - Read yellow_tripdata_2024-06.parquet: 3539193 records, 19 columns
2026-06-11 18:17:42,198 - INFO - Downloading https://d37ci6vzurychx.cloudfront.net/trip-data/yellow_tripdata_2024-07.parquet...
2026-06-11 18:17:44,415 - INFO - Downloaded yellow_tripdata_2024-07.parquet (49.88 MB)
2026-06-11 18:17:44,562 - INFO - Read yellow_tripdata_2024-07.parquet: 3076903 records, 19 columns
2026-06-11 18:17:44,564 - INFO - Downloading https://d37ci6vzurychx.cloudfront.net/trip-data/yellow_tripdata_2024-08.parquet...
2026-06-11 18:17:47,301 - INFO - Downloaded yellow_tripdata_2024-08.parquet (48.7 MB)
2026-06-11 18:17:47,456 - INFO - Read yellow_tripdata_2024-08.parquet: 2979183 records, 19 columns
2026-06-11 18:17:47,457 - INFO - Downloading https://d37ci6vzurychx.cloudfront.net/trip-data/yellow_tripdata_2024-09.parquet...
2026-06-11 18:17:50,119 - INFO - Downloaded yellow_tripdata_2024-09.parquet (58.34 MB)
2026-06-11 18:17:50,268 - INFO - Read yellow_tripdata_2024-09.parquet: 3633030 records, 19 columns
2026-06-11 18:17:50,270 - INFO - Downloading https://d37ci6vzurychx.cloudfront.net/trip-data/yellow_tripdata_2024-10.parquet...
2026-06-11 18:17:53,411 - INFO - Downloaded yellow_tripdata_2024-10.parquet (61.37 MB)
2026-06-11 18:17:53,537 - INFO - Read yellow_tripdata_2024-10.parquet: 3833771 records, 19 columns
2026-06-11 18:17:53,538 - INFO - Downloading https://d37ci6vzurychx.cloudfront.net/trip-data/yellow_tripdata_2024-11.parquet...
2026-06-11 18:17:55,874 - INFO - Downloaded yellow_tripdata_2024-11.parquet (57.85 MB)
2026-06-11 18:17:56,031 - INFO - Read yellow_tripdata_2024-11.parquet: 3646369 records, 19 columns
2026-06-11 18:17:56,032 - INFO - Downloading https://d37ci6vzurychx.cloudfront.net/trip-data/yellow_tripdata_2024-12.parquet...
2026-06-11 18:17:58,485 - INFO - Downloaded yellow_tripdata_2024-12.parquet (58.67 MB)
2026-06-11 18:17:58,647 - INFO - Read yellow_tripdata_2024-12.parquet: 3668371 records, 19 columns
2026-06-11 18:17:58,650 - INFO - Downloading https://d37ci6vzurychx.cloudfront.net/trip-data/yellow_tripdata_2025-01.parquet...
2026-06-11 18:18:18,821 - INFO - Downloaded yellow_tripdata_2025-01.parquet (56.42 MB)
2026-06-11 18:18:18,957 - INFO - Read yellow_tripdata_2025-01.parquet: 3475226 records, 20 columns
2026-06-11 18:18:18,959 - INFO - Downloading https://d37ci6vzurychx.cloudfront.net/trip-data/yellow_tripdata_2025-02.parquet...
2026-06-11 18:18:23,014 - INFO - Downloaded yellow_tripdata_2025-02.parquet (57.55 MB)
2026-06-11 18:18:23,142 - INFO - Read yellow_tripdata_2025-02.parquet: 3577543 records, 20 columns
2026-06-11 18:18:23,144 - INFO - Downloading https://d37ci6vzurychx.cloudfront.net/trip-data/yellow_tripdata_2025-03.parquet...
2026-06-11 18:18:26,986 - INFO - Downloaded yellow_tripdata_2025-03.parquet (66.72 MB)
2026-06-11 18:18:27,111 - INFO - Read yellow_tripdata_2025-03.parquet: 4145257 records, 20 columns
2026-06-11 18:18:27,112 - INFO - Downloading https://d37ci6vzurychx.cloudfront.net/trip-data/yellow_tripdata_2025-04.parquet...
2026-06-11 18:18:31,279 - INFO - Downloaded yellow_tripdata_2025-04.parquet (64.23 MB)
2026-06-11 18:18:31,420 - INFO - Read yellow_tripdata_2025-04.parquet: 3970553 records, 20 columns
2026-06-11 18:18:31,422 - INFO - Downloading https://d37ci6vzurychx.cloudfront.net/trip-data/yellow_tripdata_2025-05.parquet...
2026-06-11 18:18:36,689 - INFO - Downloaded yellow_tripdata_2025-05.parquet (74.23 MB)
2026-06-11 18:18:36,811 - INFO - Read yellow_tripdata_2025-05.parquet: 4591845 records, 20 columns
2026-06-11 18:18:36,812 - INFO - Downloading https://d37ci6vzurychx.cloudfront.net/trip-data/yellow_tripdata_2025-06.parquet...
2026-06-11 18:18:41,523 - INFO - Downloaded yellow_tripdata_2025-06.parquet (70.14 MB)
2026-06-11 18:18:41,659 - INFO - Read yellow_tripdata_2025-06.parquet: 4322960 records, 20 columns
2026-06-11 18:18:41,660 - INFO - Downloading https://d37ci6vzurychx.cloudfront.net/trip-data/yellow_tripdata_2025-07.parquet...
2026-06-11 18:18:45,503 - INFO - Downloaded yellow_tripdata_2025-07.parquet (63.84 MB)
2026-06-11 18:18:45,617 - INFO - Read yellow_tripdata_2025-07.parquet: 3898963 records, 20 columns
2026-06-11 18:18:45,618 - INFO - Downloading https://d37ci6vzurychx.cloudfront.net/trip-data/yellow_tripdata_2025-08.parquet...
2026-06-11 18:18:50,081 - INFO - Downloaded yellow_tripdata_2025-08.parquet (59.41 MB)
2026-06-11 18:18:50,231 - INFO - Read yellow_tripdata_2025-08.parquet: 3574091 records, 20 columns
2026-06-11 18:18:50,232 - INFO - Downloading https://d37ci6vzurychx.cloudfront.net/trip-data/yellow_tripdata_2025-09.parquet...
2026-06-11 18:18:54,798 - INFO - Downloaded yellow_tripdata_2025-09.parquet (69.08 MB)
2026-06-11 18:18:54,916 - INFO - Read yellow_tripdata_2025-09.parquet: 4251015 records, 20 columns
2026-06-11 18:18:54,917 - INFO - Downloading https://d37ci6vzurychx.cloudfront.net/trip-data/yellow_tripdata_2025-10.parquet...
2026-06-11 18:18:59,720 - INFO - Downloaded yellow_tripdata_2025-10.parquet (71.78 MB)
2026-06-11 18:18:59,833 - INFO - Read yellow_tripdata_2025-10.parquet: 4428699 records, 20 columns
2026-06-11 18:18:59,835 - INFO - Downloading https://d37ci6vzurychx.cloudfront.net/trip-data/yellow_tripdata_2025-11.parquet...
2026-06-11 18:19:04,361 - INFO - Downloaded yellow_tripdata_2025-11.parquet (67.84 MB)
2026-06-11 18:19:04,482 - INFO - Read yellow_tripdata_2025-11.parquet: 4181444 records, 20 columns
2026-06-11 18:19:04,484 - INFO - Downloading https://d37ci6vzurychx.cloudfront.net/trip-data/yellow_tripdata_2025-12.parquet...
2026-06-11 18:19:09,771 - INFO - Downloaded yellow_tripdata_2025-12.parquet (70.29 MB)
2026-06-11 18:19:09,876 - INFO - Read yellow_tripdata_2025-12.parquet: 4305006 records, 20 columns
2026-06-11 18:19:09,877 - INFO - Downloading https://d37ci6vzurychx.cloudfront.net/trip-data/yellow_tripdata_2026-01.parquet...
2026-06-11 18:19:13,308 - INFO - Downloaded yellow_tripdata_2026-01.parquet (61.19 MB)
2026-06-11 18:19:13,497 - INFO - Read yellow_tripdata_2026-01.parquet: 3724889 records, 20 columns
2026-06-11 18:19:13,499 - INFO - Downloading https://d37ci6vzurychx.cloudfront.net/trip-data/yellow_tripdata_2026-02.parquet...
2026-06-11 18:19:17,028 - INFO - Downloaded yellow_tripdata_2026-02.parquet (55.96 MB)
2026-06-11 18:19:17,179 - INFO - Read yellow_tripdata_2026-02.parquet: 3399866 records, 20 columns
2026-06-11 18:19:17,180 - INFO - Downloading https://d37ci6vzurychx.cloudfront.net/trip-data/yellow_tripdata_2026-03.parquet...
2026-06-11 18:19:20,372 - INFO - Downloaded yellow_tripdata_2026-03.parquet (64.75 MB)
2026-06-11 18:19:20,476 - INFO - Read yellow_tripdata_2026-03.parquet: 3952451 records, 20 columns
2026-06-11 18:19:20,477 - INFO - Downloading https://d37ci6vzurychx.cloudfront.net/trip-data/yellow_tripdata_2026-04.parquet...
2026-06-11 18:19:23,582 - INFO - Downloaded yellow_tripdata_2026-04.parquet (61.82 MB)
2026-06-11 18:19:23,709 - INFO - Read yellow_tripdata_2026-04.parquet: 3831240 records, 20 columns
2026-06-11 18:19:23,710 - INFO - Downloading https://d37ci6vzurychx.cloudfront.net/trip-data/yellow_tripdata_2026-05.parquet...
2026-06-11 18:19:24,378 - WARNING - Failed to read yellow_tripdata_2026-05.parquet: HTTP 403: File not available
2026-06-11 18:19:24,379 - INFO - Downloading https://d37ci6vzurychx.cloudfront.net/trip-data/yellow_tripdata_2026-06.parquet...
2026-06-11 18:19:25,035 - WARNING - Failed to read yellow_tripdata_2026-06.parquet: HTTP 403: File not available
2026-06-11 18:19:25,038 - INFO - Downloading https://d37ci6vzurychx.cloudfront.net/trip-data/yellow_tripdata_2026-07.parquet...
2026-06-11 18:19:25,744 - WARNING - Failed to read yellow_tripdata_2026-07.parquet: HTTP 403: File not available
2026-06-11 18:19:25,747 - INFO - Downloading https://d37ci6vzurychx.cloudfront.net/trip-data/yellow_tripdata_2026-08.parquet...
2026-06-11 18:19:26,396 - WARNING - Failed to read yellow_tripdata_2026-08.parquet: HTTP 403: File not available
2026-06-11 18:19:26,397 - INFO - Downloading https://d37ci6vzurychx.cloudfront.net/trip-data/yellow_tripdata_2026-09.parquet...
2026-06-11 18:19:27,136 - WARNING - Failed to read yellow_tripdata_2026-09.parquet: HTTP 403: File not available
2026-06-11 18:19:27,139 - INFO - Downloading https://d37ci6vzurychx.cloudfront.net/trip-data/yellow_tripdata_2026-10.parquet...
2026-06-11 18:19:27,670 - WARNING - Failed to read yellow_tripdata_2026-10.parquet: HTTP 403: File not available
2026-06-11 18:19:27,672 - INFO - Downloading https://d37ci6vzurychx.cloudfront.net/trip-data/yellow_tripdata_2026-11.parquet...
2026-06-11 18:19:28,323 - WARNING - Failed to read yellow_tripdata_2026-11.parquet: HTTP 403: File not available
2026-06-11 18:19:28,326 - INFO - Downloading https://d37ci6vzurychx.cloudfront.net/trip-data/yellow_tripdata_2026-12.parquet...
2026-06-11 18:19:29,022 - WARNING - Failed to read yellow_tripdata_2026-12.parquet: HTTP 403: File not available
2026-06-11 18:19:29,122 - INFO - Read green_tripdata_2024-01.parquet: 56551 records, 20 columns
2026-06-11 18:19:29,123 - INFO - Downloading https://d37ci6vzurychx.cloudfront.net/trip-data/green_tripdata_2024-02.parquet...
2026-06-11 18:19:30,246 - INFO - Downloaded green_tripdata_2024-02.parquet (1.22 MB)
2026-06-11 18:19:30,347 - INFO - Read green_tripdata_2024-02.parquet: 53577 records, 20 columns
2026-06-11 18:19:30,350 - INFO - Downloading https://d37ci6vzurychx.cloudfront.net/trip-data/green_tripdata_2024-03.parquet...
2026-06-11 18:19:31,449 - INFO - Downloaded green_tripdata_2024-03.parquet (1.31 MB)
2026-06-11 18:19:31,547 - INFO - Read green_tripdata_2024-03.parquet: 57457 records, 20 columns
2026-06-11 18:19:31,548 - INFO - Downloading https://d37ci6vzurychx.cloudfront.net/trip-data/green_tripdata_2024-04.parquet...
2026-06-11 18:19:32,787 - INFO - Downloaded green_tripdata_2024-04.parquet (1.28 MB)
2026-06-11 18:19:32,889 - INFO - Read green_tripdata_2024-04.parquet: 56471 records, 20 columns
2026-06-11 18:19:32,890 - INFO - Downloading https://d37ci6vzurychx.cloudfront.net/trip-data/green_tripdata_2024-05.parquet...
2026-06-11 18:19:34,038 - INFO - Downloaded green_tripdata_2024-05.parquet (1.39 MB)
2026-06-11 18:19:34,138 - INFO - Read green_tripdata_2024-05.parquet: 61003 records, 20 columns
2026-06-11 18:19:34,139 - INFO - Downloading https://d37ci6vzurychx.cloudfront.net/trip-data/green_tripdata_2024-06.parquet...
2026-06-11 18:19:35,326 - INFO - Downloaded green_tripdata_2024-06.parquet (1.26 MB)
2026-06-11 18:19:35,423 - INFO - Read green_tripdata_2024-06.parquet: 54748 records, 20 columns
2026-06-11 18:19:35,424 - INFO - Downloading https://d37ci6vzurychx.cloudfront.net/trip-data/green_tripdata_2024-07.parquet...
2026-06-11 18:19:36,603 - INFO - Downloaded green_tripdata_2024-07.parquet (1.19 MB)
2026-06-11 18:19:36,704 - INFO - Read green_tripdata_2024-07.parquet: 51837 records, 20 columns
2026-06-11 18:19:36,705 - INFO - Downloading https://d37ci6vzurychx.cloudfront.net/trip-data/green_tripdata_2024-08.parquet...
2026-06-11 18:19:37,864 - INFO - Downloaded green_tripdata_2024-08.parquet (1.21 MB)
2026-06-11 18:19:38,018 - INFO - Read green_tripdata_2024-08.parquet: 51771 records, 20 columns
2026-06-11 18:19:38,019 - INFO - Downloading https://d37ci6vzurychx.cloudfront.net/trip-data/green_tripdata_2024-09.parquet...
2026-06-11 18:19:39,175 - INFO - Downloaded green_tripdata_2024-09.parquet (1.26 MB)
2026-06-11 18:19:39,341 - INFO - Read green_tripdata_2024-09.parquet: 54440 records, 20 columns
2026-06-11 18:19:39,343 - INFO - Downloading https://d37ci6vzurychx.cloudfront.net/trip-data/green_tripdata_2024-10.parquet...
2026-06-11 18:19:40,524 - INFO - Downloaded green_tripdata_2024-10.parquet (1.29 MB)
2026-06-11 18:19:40,631 - INFO - Read green_tripdata_2024-10.parquet: 56147 records, 20 columns
2026-06-11 18:19:40,632 - INFO - Downloading https://d37ci6vzurychx.cloudfront.net/trip-data/green_tripdata_2024-11.parquet...
2026-06-11 18:19:41,725 - INFO - Downloaded green_tripdata_2024-11.parquet (1.21 MB)
2026-06-11 18:19:41,834 - INFO - Read green_tripdata_2024-11.parquet: 52222 records, 20 columns
2026-06-11 18:19:41,835 - INFO - Downloading https://d37ci6vzurychx.cloudfront.net/trip-data/green_tripdata_2024-12.parquet...
2026-06-11 18:19:42,923 - INFO - Downloaded green_tripdata_2024-12.parquet (1.25 MB)
2026-06-11 18:19:43,023 - INFO - Read green_tripdata_2024-12.parquet: 53994 records, 20 columns
2026-06-11 18:19:43,025 - INFO - Downloading https://d37ci6vzurychx.cloudfront.net/trip-data/green_tripdata_2025-01.parquet...
2026-06-11 18:19:44,240 - INFO - Downloaded green_tripdata_2025-01.parquet (1.12 MB)
2026-06-11 18:19:44,346 - INFO - Read green_tripdata_2025-01.parquet: 48326 records, 21 columns
2026-06-11 18:19:44,347 - INFO - Downloading https://d37ci6vzurychx.cloudfront.net/trip-data/green_tripdata_2025-02.parquet...
2026-06-11 18:19:45,545 - INFO - Downloaded green_tripdata_2025-02.parquet (1.07 MB)
2026-06-11 18:19:45,669 - INFO - Read green_tripdata_2025-02.parquet: 46621 records, 21 columns
2026-06-11 18:19:45,672 - INFO - Downloading https://d37ci6vzurychx.cloudfront.net/trip-data/green_tripdata_2025-03.parquet...
2026-06-11 18:19:46,857 - INFO - Downloaded green_tripdata_2025-03.parquet (1.2 MB)
2026-06-11 18:19:46,961 - INFO - Read green_tripdata_2025-03.parquet: 51539 records, 21 columns
2026-06-11 18:19:46,962 - INFO - Downloading https://d37ci6vzurychx.cloudfront.net/trip-data/green_tripdata_2025-04.parquet...
2026-06-11 18:19:48,068 - INFO - Downloaded green_tripdata_2025-04.parquet (1.21 MB)
2026-06-11 18:19:48,169 - INFO - Read green_tripdata_2025-04.parquet: 52132 records, 21 columns
2026-06-11 18:19:48,169 - INFO - Downloading https://d37ci6vzurychx.cloudfront.net/trip-data/green_tripdata_2025-05.parquet...
2026-06-11 18:19:49,355 - INFO - Downloaded green_tripdata_2025-05.parquet (1.28 MB)
2026-06-11 18:19:49,442 - INFO - Read green_tripdata_2025-05.parquet: 55399 records, 21 columns
2026-06-11 18:19:49,443 - INFO - Downloading https://d37ci6vzurychx.cloudfront.net/trip-data/green_tripdata_2025-06.parquet...
2026-06-11 18:19:50,560 - INFO - Downloaded green_tripdata_2025-06.parquet (1.16 MB)
2026-06-11 18:19:50,670 - INFO - Read green_tripdata_2025-06.parquet: 49390 records, 21 columns
2026-06-11 18:19:50,671 - INFO - Downloading https://d37ci6vzurychx.cloudfront.net/trip-data/green_tripdata_2025-07.parquet...
2026-06-11 18:19:51,839 - INFO - Downloaded green_tripdata_2025-07.parquet (1.13 MB)
2026-06-11 18:19:51,955 - INFO - Read green_tripdata_2025-07.parquet: 48205 records, 21 columns
2026-06-11 18:19:51,956 - INFO - Downloading https://d37ci6vzurychx.cloudfront.net/trip-data/green_tripdata_2025-08.parquet...
2026-06-11 18:19:53,092 - INFO - Downloaded green_tripdata_2025-08.parquet (1.1 MB)
2026-06-11 18:19:53,178 - INFO - Read green_tripdata_2025-08.parquet: 46306 records, 21 columns
2026-06-11 18:19:53,179 - INFO - Downloading https://d37ci6vzurychx.cloudfront.net/trip-data/green_tripdata_2025-09.parquet...
2026-06-11 18:19:54,329 - INFO - Downloaded green_tripdata_2025-09.parquet (1.15 MB)
2026-06-11 18:19:54,419 - INFO - Read green_tripdata_2025-09.parquet: 48893 records, 21 columns
2026-06-11 18:19:54,421 - INFO - Downloading https://d37ci6vzurychx.cloudfront.net/trip-data/green_tripdata_2025-10.parquet...
2026-06-11 18:19:55,625 - INFO - Downloaded green_tripdata_2025-10.parquet (1.15 MB)
2026-06-11 18:19:55,743 - INFO - Read green_tripdata_2025-10.parquet: 49416 records, 21 columns
2026-06-11 18:19:55,744 - INFO - Downloading https://d37ci6vzurychx.cloudfront.net/trip-data/green_tripdata_2025-11.parquet...
2026-06-11 18:19:56,865 - INFO - Downloaded green_tripdata_2025-11.parquet (1.11 MB)
2026-06-11 18:19:56,964 - INFO - Read green_tripdata_2025-11.parquet: 46912 records, 21 columns
2026-06-11 18:19:56,965 - INFO - Downloading https://d37ci6vzurychx.cloudfront.net/trip-data/green_tripdata_2025-12.parquet...
2026-06-11 18:19:58,074 - INFO - Downloaded green_tripdata_2025-12.parquet (1.12 MB)
2026-06-11 18:19:58,167 - INFO - Read green_tripdata_2025-12.parquet: 48236 records, 21 columns
2026-06-11 18:19:58,168 - INFO - Downloading https://d37ci6vzurychx.cloudfront.net/trip-data/green_tripdata_2026-01.parquet...
2026-06-11 18:19:59,255 - INFO - Downloaded green_tripdata_2026-01.parquet (0.95 MB)
2026-06-11 18:19:59,337 - INFO - Read green_tripdata_2026-01.parquet: 40272 records, 21 columns
2026-06-11 18:19:59,339 - INFO - Downloading https://d37ci6vzurychx.cloudfront.net/trip-data/green_tripdata_2026-02.parquet...
2026-06-11 18:20:00,469 - INFO - Downloaded green_tripdata_2026-02.parquet (0.88 MB)
2026-06-11 18:20:00,555 - INFO - Read green_tripdata_2026-02.parquet: 37373 records, 21 columns
2026-06-11 18:20:00,556 - INFO - Downloading https://d37ci6vzurychx.cloudfront.net/trip-data/green_tripdata_2026-03.parquet...
2026-06-11 18:20:01,632 - INFO - Downloaded green_tripdata_2026-03.parquet (1.03 MB)
2026-06-11 18:20:01,739 - INFO - Read green_tripdata_2026-03.parquet: 44208 records, 21 columns
2026-06-11 18:20:01,740 - INFO - Downloading https://d37ci6vzurychx.cloudfront.net/trip-data/green_tripdata_2026-04.parquet...
2026-06-11 18:20:02,981 - INFO - Downloaded green_tripdata_2026-04.parquet (1.03 MB)
2026-06-11 18:20:03,094 - INFO - Read green_tripdata_2026-04.parquet: 44238 records, 21 columns
2026-06-11 18:20:03,095 - INFO - Downloading https://d37ci6vzurychx.cloudfront.net/trip-data/green_tripdata_2026-05.parquet...
2026-06-11 18:20:03,785 - WARNING - Failed to read green_tripdata_2026-05.parquet: HTTP 403: File not available
2026-06-11 18:20:03,788 - INFO - Downloading https://d37ci6vzurychx.cloudfront.net/trip-data/green_tripdata_2026-06.parquet...
2026-06-11 18:20:04,490 - WARNING - Failed to read green_tripdata_2026-06.parquet: HTTP 403: File not available
2026-06-11 18:20:04,492 - INFO - Downloading https://d37ci6vzurychx.cloudfront.net/trip-data/green_tripdata_2026-07.parquet...
2026-06-11 18:20:05,160 - WARNING - Failed to read green_tripdata_2026-07.parquet: HTTP 403: File not available
2026-06-11 18:20:05,162 - INFO - Downloading https://d37ci6vzurychx.cloudfront.net/trip-data/green_tripdata_2026-08.parquet...
2026-06-11 18:20:05,858 - WARNING - Failed to read green_tripdata_2026-08.parquet: HTTP 403: File not available
2026-06-11 18:20:05,860 - INFO - Downloading https://d37ci6vzurychx.cloudfront.net/trip-data/green_tripdata_2026-09.parquet...
2026-06-11 18:20:06,512 - WARNING - Failed to read green_tripdata_2026-09.parquet: HTTP 403: File not available
2026-06-11 18:20:06,515 - INFO - Downloading https://d37ci6vzurychx.cloudfront.net/trip-data/green_tripdata_2026-10.parquet...
2026-06-11 18:20:07,172 - WARNING - Failed to read green_tripdata_2026-10.parquet: HTTP 403: File not available
2026-06-11 18:20:07,174 - INFO - Downloading https://d37ci6vzurychx.cloudfront.net/trip-data/green_tripdata_2026-11.parquet...
2026-06-11 18:20:07,824 - WARNING - Failed to read green_tripdata_2026-11.parquet: HTTP 403: File not available
2026-06-11 18:20:07,826 - INFO - Downloading https://d37ci6vzurychx.cloudfront.net/trip-data/green_tripdata_2026-12.parquet...
2026-06-11 18:20:08,492 - WARNING - Failed to read green_tripdata_2026-12.parquet: HTTP 403: File not available
2026-06-11 18:20:08,496 - INFO - Downloading https://d37ci6vzurychx.cloudfront.net/trip-data/fhvhv_tripdata_2024-01.parquet...
2026-06-11 18:20:28,126 - INFO - Downloaded fhvhv_tripdata_2024-01.parquet (450.86 MB)
2026-06-11 18:20:28,275 - INFO - Read fhvhv_tripdata_2024-01.parquet: 19663930 records, 24 columns
2026-06-11 18:20:28,277 - INFO - Downloading https://d37ci6vzurychx.cloudfront.net/trip-data/fhvhv_tripdata_2024-02.parquet...
2026-06-11 18:20:28,798 - WARNING - Failed to read fhvhv_tripdata_2024-02.parquet: HTTP 403: File not available
2026-06-11 18:20:28,800 - INFO - Downloading https://d37ci6vzurychx.cloudfront.net/trip-data/fhvhv_tripdata_2024-03.parquet...
2026-06-11 18:20:29,203 - WARNING - Failed to read fhvhv_tripdata_2024-03.parquet: HTTP 403: File not available
2026-06-11 18:20:29,205 - INFO - Downloading https://d37ci6vzurychx.cloudfront.net/trip-data/fhvhv_tripdata_2024-04.parquet...
2026-06-11 18:20:29,607 - WARNING - Failed to read fhvhv_tripdata_2024-04.parquet: HTTP 403: File not available
2026-06-11 18:20:29,608 - INFO - Downloading https://d37ci6vzurychx.cloudfront.net/trip-data/fhvhv_tripdata_2024-05.parquet...
2026-06-11 18:20:30,005 - WARNING - Failed to read fhvhv_tripdata_2024-05.parquet: HTTP 403: File not available
2026-06-11 18:20:30,007 - INFO - Downloading https://d37ci6vzurychx.cloudfront.net/trip-data/fhvhv_tripdata_2024-06.parquet...
2026-06-11 18:20:30,401 - WARNING - Failed to read fhvhv_tripdata_2024-06.parquet: HTTP 403: File not available
2026-06-11 18:20:30,402 - INFO - Downloading https://d37ci6vzurychx.cloudfront.net/trip-data/fhvhv_tripdata_2024-07.parquet...
2026-06-11 18:20:30,804 - WARNING - Failed to read fhvhv_tripdata_2024-07.parquet: HTTP 403: File not available
2026-06-11 18:20:30,806 - INFO - Downloading https://d37ci6vzurychx.cloudfront.net/trip-data/fhvhv_tripdata_2024-08.parquet...
2026-06-11 18:20:31,225 - WARNING - Failed to read fhvhv_tripdata_2024-08.parquet: HTTP 403: File not available
2026-06-11 18:20:31,227 - INFO - Downloading https://d37ci6vzurychx.cloudfront.net/trip-data/fhvhv_tripdata_2024-09.parquet...
2026-06-11 18:20:31,695 - WARNING - Failed to read fhvhv_tripdata_2024-09.parquet: HTTP 403: File not available
2026-06-11 18:20:31,696 - INFO - Downloading https://d37ci6vzurychx.cloudfront.net/trip-data/fhvhv_tripdata_2024-10.parquet...
2026-06-11 18:20:32,110 - WARNING - Failed to read fhvhv_tripdata_2024-10.parquet: HTTP 403: File not available
2026-06-11 18:20:32,112 - INFO - Downloading https://d37ci6vzurychx.cloudfront.net/trip-data/fhvhv_tripdata_2024-11.parquet...
2026-06-11 18:20:32,579 - WARNING - Failed to read fhvhv_tripdata_2024-11.parquet: HTTP 403: File not available
2026-06-11 18:20:32,583 - INFO - Downloading https://d37ci6vzurychx.cloudfront.net/trip-data/fhvhv_tripdata_2024-12.parquet...
2026-06-11 18:20:32,991 - WARNING - Failed to read fhvhv_tripdata_2024-12.parquet: HTTP 403: File not available
2026-06-11 18:20:32,994 - INFO - Downloading https://d37ci6vzurychx.cloudfront.net/trip-data/fhvhv_tripdata_2025-01.parquet...
2026-06-11 18:20:33,389 - WARNING - Failed to read fhvhv_tripdata_2025-01.parquet: HTTP 403: File not available
2026-06-11 18:20:33,391 - INFO - Downloading https://d37ci6vzurychx.cloudfront.net/trip-data/fhvhv_tripdata_2025-02.parquet...
2026-06-11 18:20:33,850 - WARNING - Failed to read fhvhv_tripdata_2025-02.parquet: HTTP 403: File not available
2026-06-11 18:20:33,855 - INFO - Downloading https://d37ci6vzurychx.cloudfront.net/trip-data/fhvhv_tripdata_2025-03.parquet...
2026-06-11 18:20:34,261 - WARNING - Failed to read fhvhv_tripdata_2025-03.parquet: HTTP 403: File not available
2026-06-11 18:20:34,263 - INFO - Downloading https://d37ci6vzurychx.cloudfront.net/trip-data/fhvhv_tripdata_2025-04.parquet...
2026-06-11 18:20:34,671 - WARNING - Failed to read fhvhv_tripdata_2025-04.parquet: HTTP 403: File not available
2026-06-11 18:20:34,672 - INFO - Downloading https://d37ci6vzurychx.cloudfront.net/trip-data/fhvhv_tripdata_2025-05.parquet...
2026-06-11 18:20:35,080 - WARNING - Failed to read fhvhv_tripdata_2025-05.parquet: HTTP 403: File not available
2026-06-11 18:20:35,081 - INFO - Downloading https://d37ci6vzurychx.cloudfront.net/trip-data/fhvhv_tripdata_2025-06.parquet...
2026-06-11 18:20:35,513 - WARNING - Failed to read fhvhv_tripdata_2025-06.parquet: HTTP 403: File not available
2026-06-11 18:20:35,515 - INFO - Downloading https://d37ci6vzurychx.cloudfront.net/trip-data/fhvhv_tripdata_2025-07.parquet...
2026-06-11 18:20:35,929 - WARNING - Failed to read fhvhv_tripdata_2025-07.parquet: HTTP 403: File not available
2026-06-11 18:20:35,931 - INFO - Downloading https://d37ci6vzurychx.cloudfront.net/trip-data/fhvhv_tripdata_2025-08.parquet...
2026-06-11 18:20:36,338 - WARNING - Failed to read fhvhv_tripdata_2025-08.parquet: HTTP 403: File not available
2026-06-11 18:20:36,340 - INFO - Downloading https://d37ci6vzurychx.cloudfront.net/trip-data/fhvhv_tripdata_2025-09.parquet...
2026-06-11 18:20:36,743 - WARNING - Failed to read fhvhv_tripdata_2025-09.parquet: HTTP 403: File not available
2026-06-11 18:20:36,747 - INFO - Downloading https://d37ci6vzurychx.cloudfront.net/trip-data/fhvhv_tripdata_2025-10.parquet...
2026-06-11 18:20:37,161 - WARNING - Failed to read fhvhv_tripdata_2025-10.parquet: HTTP 403: File not available
2026-06-11 18:20:37,161 - INFO - Downloading https://d37ci6vzurychx.cloudfront.net/trip-data/fhvhv_tripdata_2025-11.parquet...
2026-06-11 18:20:37,569 - WARNING - Failed to read fhvhv_tripdata_2025-11.parquet: HTTP 403: File not available
2026-06-11 18:20:37,571 - INFO - Downloading https://d37ci6vzurychx.cloudfront.net/trip-data/fhvhv_tripdata_2025-12.parquet...
2026-06-11 18:20:37,975 - WARNING - Failed to read fhvhv_tripdata_2025-12.parquet: HTTP 403: File not available
2026-06-11 18:20:37,976 - INFO - Downloading https://d37ci6vzurychx.cloudfront.net/trip-data/fhvhv_tripdata_2026-01.parquet...
2026-06-11 18:20:38,376 - WARNING - Failed to read fhvhv_tripdata_2026-01.parquet: HTTP 403: File not available
2026-06-11 18:20:38,378 - INFO - Downloading https://d37ci6vzurychx.cloudfront.net/trip-data/fhvhv_tripdata_2026-02.parquet...
2026-06-11 18:20:38,802 - WARNING - Failed to read fhvhv_tripdata_2026-02.parquet: HTTP 403: File not available
2026-06-11 18:20:38,806 - INFO - Downloading https://d37ci6vzurychx.cloudfront.net/trip-data/fhvhv_tripdata_2026-03.parquet...
2026-06-11 18:20:39,219 - WARNING - Failed to read fhvhv_tripdata_2026-03.parquet: HTTP 403: File not available
2026-06-11 18:20:39,220 - INFO - Downloading https://d37ci6vzurychx.cloudfront.net/trip-data/fhvhv_tripdata_2026-04.parquet...
2026-06-11 18:20:39,629 - WARNING - Failed to read fhvhv_tripdata_2026-04.parquet: HTTP 403: File not available
2026-06-11 18:20:39,632 - INFO - Downloading https://d37ci6vzurychx.cloudfront.net/trip-data/fhvhv_tripdata_2026-05.parquet...
2026-06-11 18:20:40,046 - WARNING - Failed to read fhvhv_tripdata_2026-05.parquet: HTTP 403: File not available
2026-06-11 18:20:40,048 - INFO - Downloading https://d37ci6vzurychx.cloudfront.net/trip-data/fhvhv_tripdata_2026-06.parquet...
2026-06-11 18:20:40,464 - WARNING - Failed to read fhvhv_tripdata_2026-06.parquet: HTTP 403: File not available
2026-06-11 18:20:40,465 - INFO - Downloading https://d37ci6vzurychx.cloudfront.net/trip-data/fhvhv_tripdata_2026-07.parquet...
2026-06-11 18:20:40,861 - WARNING - Failed to read fhvhv_tripdata_2026-07.parquet: HTTP 403: File not available
2026-06-11 18:20:40,863 - INFO - Downloading https://d37ci6vzurychx.cloudfront.net/trip-data/fhvhv_tripdata_2026-08.parquet...
2026-06-11 18:20:41,284 - WARNING - Failed to read fhvhv_tripdata_2026-08.parquet: HTTP 403: File not available
2026-06-11 18:20:41,286 - INFO - Downloading https://d37ci6vzurychx.cloudfront.net/trip-data/fhvhv_tripdata_2026-09.parquet...
2026-06-11 18:20:41,709 - WARNING - Failed to read fhvhv_tripdata_2026-09.parquet: HTTP 403: File not available
2026-06-11 18:20:41,711 - INFO - Downloading https://d37ci6vzurychx.cloudfront.net/trip-data/fhvhv_tripdata_2026-10.parquet...
2026-06-11 18:20:42,117 - WARNING - Failed to read fhvhv_tripdata_2026-10.parquet: HTTP 403: File not available
2026-06-11 18:20:42,118 - INFO - Downloading https://d37ci6vzurychx.cloudfront.net/trip-data/fhvhv_tripdata_2026-11.parquet...
2026-06-11 18:20:42,544 - WARNING - Failed to read fhvhv_tripdata_2026-11.parquet: HTTP 403: File not available
2026-06-11 18:20:42,546 - INFO - Downloading https://d37ci6vzurychx.cloudfront.net/trip-data/fhvhv_tripdata_2026-12.parquet...
2026-06-11 18:20:42,943 - WARNING - Failed to read fhvhv_tripdata_2026-12.parquet: HTTP 403: File not available
